SF:/Users/christophe/.nuget/packages/microsoft.net.test.sdk/16.7.0-preview-20200519-01/build/netcoreapp2.1/Microsoft.NET.Test.Sdk.Program.cs
FN:3,System.Void AutoGeneratedProgram::Main(System.String[])
FNDA:0,System.Void AutoGeneratedProgram::Main(System.String[])
DA:4,0
LF:1
LH:0
BRF:0
BRH:0
FNF:1
FNH:0
end_of_record
SF:/Users/christophe/Développements/workspace/scrumdev/VideoStore/csharp/video-store/VideoStore/Customer.cs
FN:8,System.String VideoStore.Customer::get_Name()
FNDA:7,System.String VideoStore.Customer::get_Name()
DA:9,7
FN:16,System.Void VideoStore.Customer::AddRental(VideoStore.Rental)
FNDA:6,System.Void VideoStore.Customer::AddRental(VideoStore.Rental)
DA:17,6
DA:18,6
DA:19,6
FN:21,System.String VideoStore.Customer::Statement()
FNDA:7,System.String VideoStore.Customer::Statement()
DA:22,7
DA:23,7
DA:24,7
DA:25,7
DA:26,33
DA:27,6
DA:28,6
DA:31,6
DA:34,2
DA:35,2
DA:36,1
DA:37,1
DA:38,1
DA:39,2
DA:41,2
DA:42,2
DA:44,2
DA:45,2
DA:46,1
DA:47,1
DA:48,1
DA:49,2
DA:52,6
DA:54,6
DA:55,6
DA:56,1
DA:57,1
DA:58,1
DA:60,6
DA:61,6
DA:62,6
DA:64,7
DA:65,7
DA:67,7
DA:68,7
BRDA:26,425,1,6
BRDA:31,89,1,2
BRDA:35,140,0,1
BRDA:31,89,2,2
BRDA:31,89,3,2
BRDA:45,244,0,1
BRDA:31,89,0,6
BRDA:35,140,1,6
BRDA:45,244,1,6
BRDA:54,306,0,2
BRDA:54,306,1,4
BRDA:54,325,0,1
BRDA:54,325,1,6
BRDA:26,425,0,7
FN:7,System.Void VideoStore.Customer::.ctor(System.String)
FNDA:7,System.Void VideoStore.Customer::.ctor(System.String)
DA:8,7
DA:11,7
DA:12,7
DA:13,7
DA:14,7
LF:44
LH:44
BRF:14
BRH:14
FNF:4
FNH:4
end_of_record
SF:/Users/christophe/Développements/workspace/scrumdev/VideoStore/csharp/video-store/VideoStore/Movie.cs
FN:8,System.Int32 VideoStore.Movie::get_PriceCode()
FNDA:33,System.Int32 VideoStore.Movie::get_PriceCode()
DA:9,33
FN:9,System.String VideoStore.Movie::get_Title()
FNDA:6,System.String VideoStore.Movie::get_Title()
DA:10,6
FN:11,System.Void VideoStore.Movie::.ctor(System.String,System.Int32)
FNDA:21,System.Void VideoStore.Movie::.ctor(System.String,System.Int32)
DA:12,21
DA:13,21
DA:14,21
DA:15,21
DA:16,21
LF:7
LH:7
BRF:0
BRH:0
FNF:3
FNH:3
end_of_record
SF:/Users/christophe/Développements/workspace/scrumdev/VideoStore/csharp/video-store/VideoStore/Rental.cs
FN:4,System.Int32 VideoStore.Rental::get_DaysRented()
FNDA:10,System.Int32 VideoStore.Rental::get_DaysRented()
DA:5,10
FN:5,VideoStore.Movie VideoStore.Rental::get_Movie()
FNDA:18,VideoStore.Movie VideoStore.Rental::get_Movie()
DA:6,18
FN:7,System.Void VideoStore.Rental::.ctor(VideoStore.Movie,System.Int32)
FNDA:6,System.Void VideoStore.Rental::.ctor(VideoStore.Movie,System.Int32)
DA:8,6
DA:9,6
DA:10,6
DA:11,6
DA:12,6
LF:7
LH:7
BRF:0
BRH:0
FNF:3
FNH:3
end_of_record